{"/Users/vyshnavidoulagar/lighthouse/Interview-Scheduler/scheduler/src/components/Application.js": {"path":"/Users/vyshnavidoulagar/lighthouse/Interview-Scheduler/scheduler/src/components/Application.js","statementMap":{"0":{"start":{"line":22,"column":6},"end":{"line":22,"column":26}},"1":{"start":{"line":24,"column":23},"end":{"line":24,"column":62}},"2":{"start":{"line":26,"column":23},"end":{"line":39,"column":3}},"3":{"start":{"line":28,"column":6},"end":{"line":37,"column":8}},"4":{"start":{"line":41,"column":2},"end":{"line":64,"column":4}}},"fnMap":{"0":{"name":"Application","decl":{"start":{"line":16,"column":24},"end":{"line":16,"column":35}},"loc":{"start":{"line":16,"column":43},"end":{"line":65,"column":1}},"line":16},"1":{"name":"(anonymous_1)","decl":{"start":{"line":27,"column":4},"end":{"line":27,"column":5}},"loc":{"start":{"line":27,"column":19},"end":{"line":38,"column":5}},"line":27}},"branchMap":{},"s":{"0":16,"1":16,"2":16,"3":20,"4":16},"f":{"0":16,"1":20},"b":{},"_coverageSchema":"43e27e138ebf9cfc5966b082cf9a028302ed4184","hash":"a6c06854ce4421a6800a7f99f407dd610a9082d1"}
,"/Users/vyshnavidoulagar/lighthouse/Interview-Scheduler/scheduler/src/components/Button.js": {"path":"/Users/vyshnavidoulagar/lighthouse/Interview-Scheduler/scheduler/src/components/Button.js","statementMap":{"0":{"start":{"line":8,"column":22},"end":{"line":11,"column":4}},"1":{"start":{"line":13,"column":2},"end":{"line":21,"column":4}}},"fnMap":{"0":{"name":"Button","decl":{"start":{"line":7,"column":24},"end":{"line":7,"column":30}},"loc":{"start":{"line":7,"column":38},"end":{"line":22,"column":1}},"line":7}},"branchMap":{},"s":{"0":43,"1":43},"f":{"0":43},"b":{},"_coverageSchema":"43e27e138ebf9cfc5966b082cf9a028302ed4184","hash":"d20a21bc2c9eb51626d742b6c5694d470f46cdbf"}
,"/Users/vyshnavidoulagar/lighthouse/Interview-Scheduler/scheduler/src/components/DayList.js": {"path":"/Users/vyshnavidoulagar/lighthouse/Interview-Scheduler/scheduler/src/components/DayList.js","statementMap":{"0":{"start":{"line":6,"column":15},"end":{"line":16,"column":4}},"1":{"start":{"line":7,"column":4},"end":{"line":15,"column":6}},"2":{"start":{"line":18,"column":2},"end":{"line":18,"column":25}}},"fnMap":{"0":{"name":"DayList","decl":{"start":{"line":5,"column":24},"end":{"line":5,"column":31}},"loc":{"start":{"line":5,"column":39},"end":{"line":19,"column":1}},"line":5},"1":{"name":"(anonymous_1)","decl":{"start":{"line":6,"column":30},"end":{"line":6,"column":31}},"loc":{"start":{"line":6,"column":37},"end":{"line":16,"column":3}},"line":6}},"branchMap":{},"s":{"0":16,"1":20,"2":16},"f":{"0":16,"1":20},"b":{},"_coverageSchema":"43e27e138ebf9cfc5966b082cf9a028302ed4184","hash":"07adda88a45a2793fa161bae07b86e751dfa5828"}
,"/Users/vyshnavidoulagar/lighthouse/Interview-Scheduler/scheduler/src/components/DayListItem.js": {"path":"/Users/vyshnavidoulagar/lighthouse/Interview-Scheduler/scheduler/src/components/DayListItem.js","statementMap":{"0":{"start":{"line":7,"column":2},"end":{"line":7,"column":48}},"1":{"start":{"line":7,"column":20},"end":{"line":7,"column":48}},"2":{"start":{"line":8,"column":2},"end":{"line":8,"column":46}},"3":{"start":{"line":8,"column":20},"end":{"line":8,"column":46}},"4":{"start":{"line":10,"column":2},"end":{"line":10,"column":37}},"5":{"start":{"line":14,"column":19},"end":{"line":17,"column":4}},"6":{"start":{"line":19,"column":2},"end":{"line":28,"column":4}},"7":{"start":{"line":22,"column":21},"end":{"line":22,"column":45}}},"fnMap":{"0":{"name":"formatSpots","decl":{"start":{"line":6,"column":16},"end":{"line":6,"column":27}},"loc":{"start":{"line":6,"column":36},"end":{"line":11,"column":1}},"line":6},"1":{"name":"DayListItem","decl":{"start":{"line":13,"column":24},"end":{"line":13,"column":35}},"loc":{"start":{"line":13,"column":43},"end":{"line":29,"column":1}},"line":13},"2":{"name":"(anonymous_2)","decl":{"start":{"line":22,"column":15},"end":{"line":22,"column":16}},"loc":{"start":{"line":22,"column":21},"end":{"line":22,"column":45}},"line":22}},"branchMap":{"0":{"loc":{"start":{"line":7,"column":2},"end":{"line":7,"column":48}},"type":"if","locations":[{"start":{"line":7,"column":2},"end":{"line":7,"column":48}},{"start":{"line":7,"column":2},"end":{"line":7,"column":48}}],"line":7},"1":{"loc":{"start":{"line":8,"column":2},"end":{"line":8,"column":46}},"type":"if","locations":[{"start":{"line":8,"column":2},"end":{"line":8,"column":46}},{"start":{"line":8,"column":2},"end":{"line":8,"column":46}}],"line":8}},"s":{"0":20,"1":1,"2":19,"3":18,"4":1,"5":20,"6":20,"7":1},"f":{"0":20,"1":20,"2":1},"b":{"0":[1,19],"1":[18,1]},"_coverageSchema":"43e27e138ebf9cfc5966b082cf9a028302ed4184","hash":"415be70cfe0c715140127aad6201110b0de2702d"}
,"/Users/vyshnavidoulagar/lighthouse/Interview-Scheduler/scheduler/src/components/InterviewerList.js": {"path":"/Users/vyshnavidoulagar/lighthouse/Interview-Scheduler/scheduler/src/components/InterviewerList.js","statementMap":{"0":{"start":{"line":9,"column":23},"end":{"line":20,"column":4}},"1":{"start":{"line":10,"column":4},"end":{"line":19,"column":6}},"2":{"start":{"line":17,"column":33},"end":{"line":17,"column":63}},"3":{"start":{"line":22,"column":2},"end":{"line":27,"column":4}},"4":{"start":{"line":30,"column":0},"end":{"line":34,"column":2}}},"fnMap":{"0":{"name":"InterviewerList","decl":{"start":{"line":8,"column":9},"end":{"line":8,"column":24}},"loc":{"start":{"line":8,"column":32},"end":{"line":28,"column":1}},"line":8},"1":{"name":"(anonymous_1)","decl":{"start":{"line":9,"column":46},"end":{"line":9,"column":47}},"loc":{"start":{"line":9,"column":61},"end":{"line":20,"column":3}},"line":9},"2":{"name":"(anonymous_2)","decl":{"start":{"line":17,"column":24},"end":{"line":17,"column":25}},"loc":{"start":{"line":17,"column":33},"end":{"line":17,"column":63}},"line":17}},"branchMap":{},"s":{"0":19,"1":26,"2":1,"3":19,"4":2},"f":{"0":19,"1":26,"2":1},"b":{},"_coverageSchema":"43e27e138ebf9cfc5966b082cf9a028302ed4184","hash":"23e7c1d9f75a4550ac8194543e1b1ff5c818144e"}
,"/Users/vyshnavidoulagar/lighthouse/Interview-Scheduler/scheduler/src/components/InterviewerListItem.js": {"path":"/Users/vyshnavidoulagar/lighthouse/Interview-Scheduler/scheduler/src/components/InterviewerListItem.js","statementMap":{"0":{"start":{"line":7,"column":20},"end":{"line":9,"column":4}},"1":{"start":{"line":11,"column":2},"end":{"line":20,"column":4}}},"fnMap":{"0":{"name":"InterviewerItem","decl":{"start":{"line":6,"column":24},"end":{"line":6,"column":39}},"loc":{"start":{"line":6,"column":47},"end":{"line":21,"column":1}},"line":6}},"branchMap":{"0":{"loc":{"start":{"line":18,"column":7},"end":{"line":18,"column":35}},"type":"binary-expr","locations":[{"start":{"line":18,"column":7},"end":{"line":18,"column":21}},{"start":{"line":18,"column":25},"end":{"line":18,"column":35}}],"line":18}},"s":{"0":26,"1":26},"f":{"0":26},"b":{"0":[26,9]},"_coverageSchema":"43e27e138ebf9cfc5966b082cf9a028302ed4184","hash":"eb226cba075f6cdc5117a558633b059c5c19c709"}
,"/Users/vyshnavidoulagar/lighthouse/Interview-Scheduler/scheduler/src/components/Appointment/Confirm.js": {"path":"/Users/vyshnavidoulagar/lighthouse/Interview-Scheduler/scheduler/src/components/Appointment/Confirm.js","statementMap":{"0":{"start":{"line":6,"column":2},"end":{"line":18,"column":4}}},"fnMap":{"0":{"name":"Confirm","decl":{"start":{"line":5,"column":24},"end":{"line":5,"column":31}},"loc":{"start":{"line":5,"column":39},"end":{"line":19,"column":1}},"line":5}},"branchMap":{},"s":{"0":2},"f":{"0":2},"b":{},"_coverageSchema":"43e27e138ebf9cfc5966b082cf9a028302ed4184","hash":"88caf4e3fdb4d38eaf0e4a89313c30bc08674b8a"}
,"/Users/vyshnavidoulagar/lighthouse/Interview-Scheduler/scheduler/src/components/Appointment/Empty.js": {"path":"/Users/vyshnavidoulagar/lighthouse/Interview-Scheduler/scheduler/src/components/Appointment/Empty.js","statementMap":{"0":{"start":{"line":4,"column":2},"end":{"line":13,"column":4}}},"fnMap":{"0":{"name":"Empty","decl":{"start":{"line":3,"column":24},"end":{"line":3,"column":29}},"loc":{"start":{"line":3,"column":37},"end":{"line":14,"column":1}},"line":3}},"branchMap":{},"s":{"0":26},"f":{"0":26},"b":{},"_coverageSchema":"43e27e138ebf9cfc5966b082cf9a028302ed4184","hash":"09e535ff494748e8a40b62276838f3b8f8d92e32"}
,"/Users/vyshnavidoulagar/lighthouse/Interview-Scheduler/scheduler/src/components/Appointment/Error.js": {"path":"/Users/vyshnavidoulagar/lighthouse/Interview-Scheduler/scheduler/src/components/Appointment/Error.js","statementMap":{"0":{"start":{"line":4,"column":2},"end":{"line":17,"column":4}}},"fnMap":{"0":{"name":"Error","decl":{"start":{"line":3,"column":24},"end":{"line":3,"column":29}},"loc":{"start":{"line":3,"column":37},"end":{"line":18,"column":1}},"line":3}},"branchMap":{},"s":{"0":2},"f":{"0":2},"b":{},"_coverageSchema":"43e27e138ebf9cfc5966b082cf9a028302ed4184","hash":"31ca378c22a3e913edda02d5a607d4e918637cf6"}
,"/Users/vyshnavidoulagar/lighthouse/Interview-Scheduler/scheduler/src/components/Appointment/Form.js": {"path":"/Users/vyshnavidoulagar/lighthouse/Interview-Scheduler/scheduler/src/components/Appointment/Form.js","statementMap":{"0":{"start":{"line":7,"column":28},"end":{"line":7,"column":54}},"1":{"start":{"line":8,"column":42},"end":{"line":8,"column":77}},"2":{"start":{"line":9,"column":30},"end":{"line":9,"column":42}},"3":{"start":{"line":12,"column":8},"end":{"line":12,"column":20}},"4":{"start":{"line":13,"column":8},"end":{"line":13,"column":21}},"5":{"start":{"line":14,"column":8},"end":{"line":14,"column":29}},"6":{"start":{"line":18,"column":8},"end":{"line":18,"column":16}},"7":{"start":{"line":19,"column":8},"end":{"line":19,"column":25}},"8":{"start":{"line":23,"column":8},"end":{"line":26,"column":9}},"9":{"start":{"line":24,"column":12},"end":{"line":24,"column":53}},"10":{"start":{"line":25,"column":12},"end":{"line":25,"column":19}},"11":{"start":{"line":28,"column":8},"end":{"line":31,"column":9}},"12":{"start":{"line":29,"column":12},"end":{"line":29,"column":53}},"13":{"start":{"line":30,"column":12},"end":{"line":30,"column":19}},"14":{"start":{"line":33,"column":8},"end":{"line":33,"column":21}},"15":{"start":{"line":34,"column":8},"end":{"line":34,"column":40}},"16":{"start":{"line":37,"column":4},"end":{"line":71,"column":6}},"17":{"start":{"line":40,"column":60},"end":{"line":40,"column":82}},"18":{"start":{"line":48,"column":28},"end":{"line":48,"column":56}}},"fnMap":{"0":{"name":"Form","decl":{"start":{"line":6,"column":24},"end":{"line":6,"column":28}},"loc":{"start":{"line":6,"column":36},"end":{"line":72,"column":1}},"line":6},"1":{"name":"reset","decl":{"start":{"line":11,"column":13},"end":{"line":11,"column":18}},"loc":{"start":{"line":11,"column":21},"end":{"line":15,"column":5}},"line":11},"2":{"name":"cancel","decl":{"start":{"line":17,"column":13},"end":{"line":17,"column":19}},"loc":{"start":{"line":17,"column":22},"end":{"line":20,"column":5}},"line":17},"3":{"name":"validate","decl":{"start":{"line":22,"column":13},"end":{"line":22,"column":21}},"loc":{"start":{"line":22,"column":24},"end":{"line":35,"column":5}},"line":22},"4":{"name":"(anonymous_4)","decl":{"start":{"line":40,"column":51},"end":{"line":40,"column":52}},"loc":{"start":{"line":40,"column":60},"end":{"line":40,"column":82}},"line":40},"5":{"name":"(anonymous_5)","decl":{"start":{"line":47,"column":34},"end":{"line":47,"column":35}},"loc":{"start":{"line":47,"column":43},"end":{"line":49,"column":25}},"line":47}},"branchMap":{"0":{"loc":{"start":{"line":7,"column":37},"end":{"line":7,"column":53}},"type":"binary-expr","locations":[{"start":{"line":7,"column":37},"end":{"line":7,"column":47}},{"start":{"line":7,"column":51},"end":{"line":7,"column":53}}],"line":7},"1":{"loc":{"start":{"line":8,"column":51},"end":{"line":8,"column":76}},"type":"binary-expr","locations":[{"start":{"line":8,"column":51},"end":{"line":8,"column":68}},{"start":{"line":8,"column":72},"end":{"line":8,"column":76}}],"line":8},"2":{"loc":{"start":{"line":23,"column":8},"end":{"line":26,"column":9}},"type":"if","locations":[{"start":{"line":23,"column":8},"end":{"line":26,"column":9}},{"start":{"line":23,"column":8},"end":{"line":26,"column":9}}],"line":23},"3":{"loc":{"start":{"line":28,"column":8},"end":{"line":31,"column":9}},"type":"if","locations":[{"start":{"line":28,"column":8},"end":{"line":31,"column":9}},{"start":{"line":28,"column":8},"end":{"line":31,"column":9}}],"line":28}},"s":{"0":19,"1":19,"2":19,"3":1,"4":1,"5":1,"6":1,"7":1,"8":7,"9":2,"10":2,"11":5,"12":1,"13":1,"14":4,"15":4,"16":19,"17":0,"18":5},"f":{"0":19,"1":1,"2":1,"3":7,"4":0,"5":5},"b":{"0":[19,10],"1":[19,11],"2":[2,5],"3":[1,4]},"_coverageSchema":"43e27e138ebf9cfc5966b082cf9a028302ed4184","hash":"70e1a87d322979936be9be3ebf88c02dd65a1d58"}
,"/Users/vyshnavidoulagar/lighthouse/Interview-Scheduler/scheduler/src/components/Appointment/Header.js": {"path":"/Users/vyshnavidoulagar/lighthouse/Interview-Scheduler/scheduler/src/components/Appointment/Header.js","statementMap":{"0":{"start":{"line":4,"column":2},"end":{"line":9,"column":4}}},"fnMap":{"0":{"name":"Header","decl":{"start":{"line":3,"column":24},"end":{"line":3,"column":30}},"loc":{"start":{"line":3,"column":38},"end":{"line":10,"column":1}},"line":3}},"branchMap":{},"s":{"0":51},"f":{"0":51},"b":{},"_coverageSchema":"43e27e138ebf9cfc5966b082cf9a028302ed4184","hash":"fd7d65e191e74a4bcec9e07645ef5700fc96d9fe"}
,"/Users/vyshnavidoulagar/lighthouse/Interview-Scheduler/scheduler/src/components/Appointment/Show.js": {"path":"/Users/vyshnavidoulagar/lighthouse/Interview-Scheduler/scheduler/src/components/Appointment/Show.js","statementMap":{"0":{"start":{"line":4,"column":2},"end":{"line":32,"column":4}}},"fnMap":{"0":{"name":"Show","decl":{"start":{"line":3,"column":24},"end":{"line":3,"column":28}},"loc":{"start":{"line":3,"column":36},"end":{"line":33,"column":1}},"line":3}},"branchMap":{"0":{"loc":{"start":{"line":11,"column":13},"end":{"line":11,"column":56}},"type":"binary-expr","locations":[{"start":{"line":11,"column":13},"end":{"line":11,"column":30}},{"start":{"line":11,"column":34},"end":{"line":11,"column":56}}],"line":11}},"s":{"0":10},"f":{"0":10},"b":{"0":[10,10]},"_coverageSchema":"43e27e138ebf9cfc5966b082cf9a028302ed4184","hash":"2492651d94fc92c48fcea0383e654da1d670cc56"}
,"/Users/vyshnavidoulagar/lighthouse/Interview-Scheduler/scheduler/src/components/Appointment/Status.js": {"path":"/Users/vyshnavidoulagar/lighthouse/Interview-Scheduler/scheduler/src/components/Appointment/Status.js","statementMap":{"0":{"start":{"line":4,"column":2},"end":{"line":13,"column":4}}},"fnMap":{"0":{"name":"Status","decl":{"start":{"line":3,"column":24},"end":{"line":3,"column":30}},"loc":{"start":{"line":3,"column":38},"end":{"line":14,"column":1}},"line":3}},"branchMap":{},"s":{"0":8},"f":{"0":8},"b":{},"_coverageSchema":"43e27e138ebf9cfc5966b082cf9a028302ed4184","hash":"4d2242beda123dcb59d9a7819f3f14dff8c53a0e"}
,"/Users/vyshnavidoulagar/lighthouse/Interview-Scheduler/scheduler/src/components/Appointment/index.js": {"path":"/Users/vyshnavidoulagar/lighthouse/Interview-Scheduler/scheduler/src/components/Appointment/index.js","statementMap":{"0":{"start":{"line":16,"column":18},"end":{"line":16,"column":25}},"1":{"start":{"line":17,"column":17},"end":{"line":17,"column":23}},"2":{"start":{"line":18,"column":19},"end":{"line":18,"column":27}},"3":{"start":{"line":19,"column":17},"end":{"line":19,"column":23}},"4":{"start":{"line":20,"column":19},"end":{"line":20,"column":27}},"5":{"start":{"line":21,"column":21},"end":{"line":21,"column":31}},"6":{"start":{"line":22,"column":20},"end":{"line":22,"column":29}},"7":{"start":{"line":23,"column":23},"end":{"line":23,"column":35}},"8":{"start":{"line":24,"column":25},"end":{"line":24,"column":39}},"9":{"start":{"line":25,"column":39},"end":{"line":27,"column":5}},"10":{"start":{"line":30,"column":26},"end":{"line":33,"column":9}},"11":{"start":{"line":35,"column":8},"end":{"line":35,"column":27}},"12":{"start":{"line":37,"column":8},"end":{"line":40,"column":58}},"13":{"start":{"line":39,"column":24},"end":{"line":39,"column":40}},"14":{"start":{"line":40,"column":28},"end":{"line":40,"column":56}},"15":{"start":{"line":44,"column":8},"end":{"line":44,"column":35}},"16":{"start":{"line":45,"column":8},"end":{"line":48,"column":60}},"17":{"start":{"line":47,"column":24},"end":{"line":47,"column":41}},"18":{"start":{"line":48,"column":28},"end":{"line":48,"column":58}},"19":{"start":{"line":51,"column":4},"end":{"line":89,"column":6}},"20":{"start":{"line":54,"column":51},"end":{"line":54,"column":69}},"21":{"start":{"line":59,"column":36},"end":{"line":59,"column":55}},"22":{"start":{"line":60,"column":34},"end":{"line":60,"column":50}}},"fnMap":{"0":{"name":"Appointment","decl":{"start":{"line":15,"column":24},"end":{"line":15,"column":35}},"loc":{"start":{"line":15,"column":43},"end":{"line":90,"column":1}},"line":15},"1":{"name":"save","decl":{"start":{"line":29,"column":13},"end":{"line":29,"column":17}},"loc":{"start":{"line":29,"column":37},"end":{"line":41,"column":5}},"line":29},"2":{"name":"(anonymous_2)","decl":{"start":{"line":39,"column":18},"end":{"line":39,"column":19}},"loc":{"start":{"line":39,"column":24},"end":{"line":39,"column":40}},"line":39},"3":{"name":"(anonymous_3)","decl":{"start":{"line":40,"column":19},"end":{"line":40,"column":20}},"loc":{"start":{"line":40,"column":28},"end":{"line":40,"column":56}},"line":40},"4":{"name":"destroy","decl":{"start":{"line":43,"column":13},"end":{"line":43,"column":20}},"loc":{"start":{"line":43,"column":23},"end":{"line":49,"column":5}},"line":43},"5":{"name":"(anonymous_5)","decl":{"start":{"line":47,"column":18},"end":{"line":47,"column":19}},"loc":{"start":{"line":47,"column":24},"end":{"line":47,"column":41}},"line":47},"6":{"name":"(anonymous_6)","decl":{"start":{"line":48,"column":19},"end":{"line":48,"column":20}},"loc":{"start":{"line":48,"column":28},"end":{"line":48,"column":58}},"line":48},"7":{"name":"(anonymous_7)","decl":{"start":{"line":54,"column":45},"end":{"line":54,"column":46}},"loc":{"start":{"line":54,"column":51},"end":{"line":54,"column":69}},"line":54},"8":{"name":"(anonymous_8)","decl":{"start":{"line":59,"column":30},"end":{"line":59,"column":31}},"loc":{"start":{"line":59,"column":36},"end":{"line":59,"column":55}},"line":59},"9":{"name":"(anonymous_9)","decl":{"start":{"line":60,"column":28},"end":{"line":60,"column":29}},"loc":{"start":{"line":60,"column":34},"end":{"line":60,"column":50}},"line":60}},"branchMap":{"0":{"loc":{"start":{"line":26,"column":8},"end":{"line":26,"column":38}},"type":"cond-expr","locations":[{"start":{"line":26,"column":26},"end":{"line":26,"column":30}},{"start":{"line":26,"column":33},"end":{"line":26,"column":38}}],"line":26},"1":{"loc":{"start":{"line":54,"column":13},"end":{"line":54,"column":73}},"type":"binary-expr","locations":[{"start":{"line":54,"column":13},"end":{"line":54,"column":27}},{"start":{"line":54,"column":31},"end":{"line":54,"column":73}}],"line":54},"2":{"loc":{"start":{"line":55,"column":13},"end":{"line":62,"column":13}},"type":"binary-expr","locations":[{"start":{"line":55,"column":13},"end":{"line":55,"column":26}},{"start":{"line":56,"column":16},"end":{"line":61,"column":18}}],"line":55},"3":{"loc":{"start":{"line":63,"column":13},"end":{"line":63,"column":104}},"type":"binary-expr","locations":[{"start":{"line":63,"column":13},"end":{"line":63,"column":28}},{"start":{"line":63,"column":32},"end":{"line":63,"column":104}}],"line":63},"4":{"loc":{"start":{"line":64,"column":13},"end":{"line":72,"column":13}},"type":"binary-expr","locations":[{"start":{"line":64,"column":13},"end":{"line":64,"column":26}},{"start":{"line":65,"column":16},"end":{"line":71,"column":18}}],"line":64},"5":{"loc":{"start":{"line":73,"column":13},"end":{"line":73,"column":59}},"type":"binary-expr","locations":[{"start":{"line":73,"column":13},"end":{"line":73,"column":28}},{"start":{"line":73,"column":32},"end":{"line":73,"column":59}}],"line":73},"6":{"loc":{"start":{"line":74,"column":13},"end":{"line":74,"column":63}},"type":"binary-expr","locations":[{"start":{"line":74,"column":13},"end":{"line":74,"column":30}},{"start":{"line":74,"column":34},"end":{"line":74,"column":63}}],"line":74},"7":{"loc":{"start":{"line":75,"column":13},"end":{"line":81,"column":13}},"type":"binary-expr","locations":[{"start":{"line":75,"column":13},"end":{"line":75,"column":29}},{"start":{"line":76,"column":16},"end":{"line":80,"column":18}}],"line":75},"8":{"loc":{"start":{"line":82,"column":13},"end":{"line":84,"column":13}},"type":"binary-expr","locations":[{"start":{"line":82,"column":13},"end":{"line":82,"column":32}},{"start":{"line":83,"column":16},"end":{"line":83,"column":78}}],"line":82},"9":{"loc":{"start":{"line":85,"column":13},"end":{"line":87,"column":13}},"type":"binary-expr","locations":[{"start":{"line":85,"column":13},"end":{"line":85,"column":34}},{"start":{"line":86,"column":16},"end":{"line":86,"column":80}}],"line":85}},"s":{"0":51,"1":51,"2":51,"3":51,"4":51,"5":51,"6":51,"7":51,"8":51,"9":51,"10":3,"11":3,"12":3,"13":2,"14":1,"15":2,"16":2,"17":1,"18":1,"19":51,"20":1,"21":2,"22":2},"f":{"0":51,"1":3,"2":2,"3":1,"4":2,"5":1,"6":1,"7":1,"8":2,"9":2},"b":{"0":[22,29],"1":[51,26],"2":[51,10],"3":[51,1],"4":[51,2],"5":[51,5],"6":[51,3],"7":[51,2],"8":[51,1],"9":[51,1]},"_coverageSchema":"43e27e138ebf9cfc5966b082cf9a028302ed4184","hash":"76eeea848b7539dc44471260f5b33e7d2998215d"}
,"/Users/vyshnavidoulagar/lighthouse/Interview-Scheduler/scheduler/src/helpers/selectors.js": {"path":"/Users/vyshnavidoulagar/lighthouse/Interview-Scheduler/scheduler/src/helpers/selectors.js","statementMap":{"0":{"start":{"line":2,"column":16},"end":{"line":2,"column":52}},"1":{"start":{"line":2,"column":37},"end":{"line":2,"column":51}},"2":{"start":{"line":4,"column":2},"end":{"line":4,"column":64}},"3":{"start":{"line":4,"column":54},"end":{"line":4,"column":64}},"4":{"start":{"line":6,"column":2},"end":{"line":6,"column":62}},"5":{"start":{"line":6,"column":38},"end":{"line":6,"column":60}},"6":{"start":{"line":10,"column":16},"end":{"line":10,"column":52}},"7":{"start":{"line":10,"column":37},"end":{"line":10,"column":51}},"8":{"start":{"line":12,"column":2},"end":{"line":12,"column":64}},"9":{"start":{"line":12,"column":54},"end":{"line":12,"column":64}},"10":{"start":{"line":14,"column":2},"end":{"line":14,"column":62}},"11":{"start":{"line":14,"column":38},"end":{"line":14,"column":60}},"12":{"start":{"line":18,"column":2},"end":{"line":23,"column":4}}},"fnMap":{"0":{"name":"getAppointmentsForDay","decl":{"start":{"line":1,"column":16},"end":{"line":1,"column":37}},"loc":{"start":{"line":1,"column":50},"end":{"line":7,"column":1}},"line":1},"1":{"name":"(anonymous_1)","decl":{"start":{"line":2,"column":32},"end":{"line":2,"column":33}},"loc":{"start":{"line":2,"column":37},"end":{"line":2,"column":51}},"line":2},"2":{"name":"(anonymous_2)","decl":{"start":{"line":6,"column":32},"end":{"line":6,"column":33}},"loc":{"start":{"line":6,"column":38},"end":{"line":6,"column":60}},"line":6},"3":{"name":"getInterviewersForDay","decl":{"start":{"line":9,"column":16},"end":{"line":9,"column":37}},"loc":{"start":{"line":9,"column":50},"end":{"line":15,"column":1}},"line":9},"4":{"name":"(anonymous_4)","decl":{"start":{"line":10,"column":32},"end":{"line":10,"column":33}},"loc":{"start":{"line":10,"column":37},"end":{"line":10,"column":51}},"line":10},"5":{"name":"(anonymous_5)","decl":{"start":{"line":14,"column":32},"end":{"line":14,"column":33}},"loc":{"start":{"line":14,"column":38},"end":{"line":14,"column":60}},"line":14},"6":{"name":"getInterview","decl":{"start":{"line":17,"column":16},"end":{"line":17,"column":28}},"loc":{"start":{"line":17,"column":47},"end":{"line":24,"column":1}},"line":17}},"branchMap":{"0":{"loc":{"start":{"line":4,"column":2},"end":{"line":4,"column":64}},"type":"if","locations":[{"start":{"line":4,"column":2},"end":{"line":4,"column":64}},{"start":{"line":4,"column":2},"end":{"line":4,"column":64}}],"line":4},"1":{"loc":{"start":{"line":4,"column":6},"end":{"line":4,"column":52}},"type":"binary-expr","locations":[{"start":{"line":4,"column":6},"end":{"line":4,"column":29}},{"start":{"line":4,"column":33},"end":{"line":4,"column":52}}],"line":4},"2":{"loc":{"start":{"line":12,"column":2},"end":{"line":12,"column":64}},"type":"if","locations":[{"start":{"line":12,"column":2},"end":{"line":12,"column":64}},{"start":{"line":12,"column":2},"end":{"line":12,"column":64}}],"line":12},"3":{"loc":{"start":{"line":12,"column":6},"end":{"line":12,"column":52}},"type":"binary-expr","locations":[{"start":{"line":12,"column":6},"end":{"line":12,"column":29}},{"start":{"line":12,"column":33},"end":{"line":12,"column":52}}],"line":12},"4":{"loc":{"start":{"line":19,"column":4},"end":{"line":22,"column":5}},"type":"binary-expr","locations":[{"start":{"line":19,"column":4},"end":{"line":19,"column":13}},{"start":{"line":19,"column":17},"end":{"line":22,"column":5}}],"line":19}},"s":{"0":21,"1":17,"2":21,"3":8,"4":13,"5":28,"6":21,"7":17,"8":21,"9":8,"10":13,"11":26,"12":22},"f":{"0":21,"1":17,"2":28,"3":21,"4":17,"5":26,"6":22},"b":{"0":[8,13],"1":[21,14],"2":[8,13],"3":[21,14],"4":[22,11]},"_coverageSchema":"43e27e138ebf9cfc5966b082cf9a028302ed4184","hash":"3229829a0ffbfff1c35a748eb45edd1a97765cec"}
,"/Users/vyshnavidoulagar/lighthouse/Interview-Scheduler/scheduler/src/hooks/useApplicationData.js": {"path":"/Users/vyshnavidoulagar/lighthouse/Interview-Scheduler/scheduler/src/hooks/useApplicationData.js","statementMap":{"0":{"start":{"line":14,"column":28},"end":{"line":19,"column":4}},"1":{"start":{"line":21,"column":17},"end":{"line":21,"column":56}},"2":{"start":{"line":21,"column":24},"end":{"line":21,"column":56}},"3":{"start":{"line":23,"column":2},"end":{"line":37,"column":9}},"4":{"start":{"line":24,"column":4},"end":{"line":36,"column":6}},"5":{"start":{"line":30,"column":8},"end":{"line":35,"column":10}},"6":{"start":{"line":39,"column":2},"end":{"line":39,"column":30}},"7":{"start":{"line":42,"column":4},"end":{"line":48,"column":7}},"8":{"start":{"line":43,"column":6},"end":{"line":47,"column":9}},"9":{"start":{"line":52,"column":4},"end":{"line":58,"column":7}},"10":{"start":{"line":53,"column":6},"end":{"line":57,"column":9}},"11":{"start":{"line":61,"column":2},"end":{"line":66,"column":4}}},"fnMap":{"0":{"name":"useApplicationData","decl":{"start":{"line":13,"column":24},"end":{"line":13,"column":42}},"loc":{"start":{"line":13,"column":45},"end":{"line":67,"column":1}},"line":13},"1":{"name":"(anonymous_1)","decl":{"start":{"line":21,"column":17},"end":{"line":21,"column":18}},"loc":{"start":{"line":21,"column":24},"end":{"line":21,"column":56}},"line":21},"2":{"name":"(anonymous_2)","decl":{"start":{"line":23,"column":12},"end":{"line":23,"column":13}},"loc":{"start":{"line":23,"column":18},"end":{"line":37,"column":3}},"line":23},"3":{"name":"(anonymous_3)","decl":{"start":{"line":29,"column":6},"end":{"line":29,"column":7}},"loc":{"start":{"line":30,"column":8},"end":{"line":35,"column":10}},"line":30},"4":{"name":"bookInterview","decl":{"start":{"line":41,"column":11},"end":{"line":41,"column":24}},"loc":{"start":{"line":41,"column":40},"end":{"line":49,"column":3}},"line":41},"5":{"name":"(anonymous_5)","decl":{"start":{"line":42,"column":68},"end":{"line":42,"column":69}},"loc":{"start":{"line":42,"column":74},"end":{"line":48,"column":5}},"line":42},"6":{"name":"cancelInterview","decl":{"start":{"line":51,"column":11},"end":{"line":51,"column":26}},"loc":{"start":{"line":51,"column":31},"end":{"line":59,"column":3}},"line":51},"7":{"name":"(anonymous_7)","decl":{"start":{"line":52,"column":56},"end":{"line":52,"column":57}},"loc":{"start":{"line":52,"column":62},"end":{"line":58,"column":5}},"line":52}},"branchMap":{},"s":{"0":16,"1":16,"2":1,"3":16,"4":6,"5":6,"6":16,"7":3,"8":2,"9":2,"10":1,"11":16},"f":{"0":16,"1":1,"2":6,"3":6,"4":3,"5":2,"6":2,"7":1},"b":{},"_coverageSchema":"43e27e138ebf9cfc5966b082cf9a028302ed4184","hash":"ba91d1784e770f2b93f34be2cb619d1528065b56"}
,"/Users/vyshnavidoulagar/lighthouse/Interview-Scheduler/scheduler/src/hooks/useRealtimeUpdate.js": {"path":"/Users/vyshnavidoulagar/lighthouse/Interview-Scheduler/scheduler/src/hooks/useRealtimeUpdate.js","statementMap":{"0":{"start":{"line":5,"column":2},"end":{"line":19,"column":17}},"1":{"start":{"line":6,"column":19},"end":{"line":6,"column":69}},"2":{"start":{"line":8,"column":4},"end":{"line":14,"column":6}},"3":{"start":{"line":9,"column":19},"end":{"line":9,"column":41}},"4":{"start":{"line":11,"column":6},"end":{"line":13,"column":7}},"5":{"start":{"line":12,"column":8},"end":{"line":12,"column":23}},"6":{"start":{"line":16,"column":4},"end":{"line":18,"column":6}},"7":{"start":{"line":17,"column":6},"end":{"line":17,"column":21}}},"fnMap":{"0":{"name":"useRealtimeUpdate","decl":{"start":{"line":4,"column":24},"end":{"line":4,"column":41}},"loc":{"start":{"line":4,"column":52},"end":{"line":20,"column":1}},"line":4},"1":{"name":"(anonymous_1)","decl":{"start":{"line":5,"column":12},"end":{"line":5,"column":13}},"loc":{"start":{"line":5,"column":18},"end":{"line":19,"column":3}},"line":5},"2":{"name":"(anonymous_2)","decl":{"start":{"line":8,"column":23},"end":{"line":8,"column":24}},"loc":{"start":{"line":8,"column":32},"end":{"line":14,"column":5}},"line":8},"3":{"name":"(anonymous_3)","decl":{"start":{"line":16,"column":11},"end":{"line":16,"column":12}},"loc":{"start":{"line":16,"column":17},"end":{"line":18,"column":5}},"line":16}},"branchMap":{"0":{"loc":{"start":{"line":11,"column":6},"end":{"line":13,"column":7}},"type":"if","locations":[{"start":{"line":11,"column":6},"end":{"line":13,"column":7}},{"start":{"line":11,"column":6},"end":{"line":13,"column":7}}],"line":11},"1":{"loc":{"start":{"line":11,"column":10},"end":{"line":11,"column":65}},"type":"binary-expr","locations":[{"start":{"line":11,"column":10},"end":{"line":11,"column":34}},{"start":{"line":11,"column":38},"end":{"line":11,"column":65}}],"line":11}},"s":{"0":16,"1":6,"2":6,"3":0,"4":0,"5":0,"6":6,"7":6},"f":{"0":16,"1":6,"2":0,"3":6},"b":{"0":[0,0],"1":[0,0]},"_coverageSchema":"43e27e138ebf9cfc5966b082cf9a028302ed4184","hash":"8794c309973e5c432aae717b792b93975ea1f78b"}
,"/Users/vyshnavidoulagar/lighthouse/Interview-Scheduler/scheduler/src/hooks/useVisualMode.js": {"path":"/Users/vyshnavidoulagar/lighthouse/Interview-Scheduler/scheduler/src/hooks/useVisualMode.js","statementMap":{"0":{"start":{"line":4,"column":34},"end":{"line":4,"column":53}},"1":{"start":{"line":7,"column":8},"end":{"line":9,"column":52}},"2":{"start":{"line":8,"column":33},"end":{"line":8,"column":77}},"3":{"start":{"line":9,"column":33},"end":{"line":9,"column":51}},"4":{"start":{"line":13,"column":8},"end":{"line":13,"column":85}},"5":{"start":{"line":13,"column":49},"end":{"line":13,"column":84}},"6":{"start":{"line":16,"column":4},"end":{"line":16,"column":67}}},"fnMap":{"0":{"name":"useVisualMode","decl":{"start":{"line":3,"column":24},"end":{"line":3,"column":37}},"loc":{"start":{"line":3,"column":47},"end":{"line":17,"column":1}},"line":3},"1":{"name":"transition","decl":{"start":{"line":6,"column":13},"end":{"line":6,"column":23}},"loc":{"start":{"line":6,"column":50},"end":{"line":10,"column":5}},"line":6},"2":{"name":"(anonymous_2)","decl":{"start":{"line":8,"column":25},"end":{"line":8,"column":26}},"loc":{"start":{"line":8,"column":33},"end":{"line":8,"column":77}},"line":8},"3":{"name":"(anonymous_3)","decl":{"start":{"line":9,"column":25},"end":{"line":9,"column":26}},"loc":{"start":{"line":9,"column":33},"end":{"line":9,"column":51}},"line":9},"4":{"name":"back","decl":{"start":{"line":12,"column":13},"end":{"line":12,"column":17}},"loc":{"start":{"line":12,"column":20},"end":{"line":14,"column":5}},"line":12},"5":{"name":"(anonymous_5)","decl":{"start":{"line":13,"column":41},"end":{"line":13,"column":42}},"loc":{"start":{"line":13,"column":49},"end":{"line":13,"column":84}},"line":13}},"branchMap":{"0":{"loc":{"start":{"line":6,"column":33},"end":{"line":6,"column":48}},"type":"default-arg","locations":[{"start":{"line":6,"column":43},"end":{"line":6,"column":48}}],"line":6},"1":{"loc":{"start":{"line":7,"column":8},"end":{"line":9,"column":52}},"type":"cond-expr","locations":[{"start":{"line":8,"column":14},"end":{"line":8,"column":78}},{"start":{"line":9,"column":14},"end":{"line":9,"column":52}}],"line":7},"2":{"loc":{"start":{"line":13,"column":8},"end":{"line":13,"column":85}},"type":"binary-expr","locations":[{"start":{"line":13,"column":8},"end":{"line":13,"column":26}},{"start":{"line":13,"column":30},"end":{"line":13,"column":85}}],"line":13}},"s":{"0":63,"1":20,"2":5,"3":15,"4":3,"5":3,"6":63},"f":{"0":63,"1":20,"2":5,"3":15,"4":3,"5":3},"b":{"0":[15],"1":[5,15],"2":[3,3]},"_coverageSchema":"43e27e138ebf9cfc5966b082cf9a028302ed4184","hash":"dd237e81d64f2c91bf7f88279d2496aabf646e31"}
,"/Users/vyshnavidoulagar/lighthouse/Interview-Scheduler/scheduler/src/reducers/application.js": {"path":"/Users/vyshnavidoulagar/lighthouse/Interview-Scheduler/scheduler/src/reducers/application.js","statementMap":{"0":{"start":{"line":1,"column":23},"end":{"line":1,"column":32}},"1":{"start":{"line":2,"column":36},"end":{"line":2,"column":58}},"2":{"start":{"line":3,"column":29},"end":{"line":3,"column":44}},"3":{"start":{"line":6,"column":2},"end":{"line":53,"column":3}},"4":{"start":{"line":8,"column":6},"end":{"line":8,"column":43}},"5":{"start":{"line":10,"column":6},"end":{"line":15,"column":8}},"6":{"start":{"line":17,"column":26},"end":{"line":20,"column":7}},"7":{"start":{"line":22,"column":27},"end":{"line":25,"column":7}},"8":{"start":{"line":27,"column":29},"end":{"line":32,"column":9}},"9":{"start":{"line":28,"column":8},"end":{"line":32,"column":9}},"10":{"start":{"line":30,"column":26},"end":{"line":30,"column":72}},"11":{"start":{"line":34,"column":19},"end":{"line":41,"column":8}},"12":{"start":{"line":35,"column":8},"end":{"line":40,"column":16}},"13":{"start":{"line":43,"column":6},"end":{"line":47,"column":8}},"14":{"start":{"line":50,"column":6},"end":{"line":52,"column":8}}},"fnMap":{"0":{"name":"reducer","decl":{"start":{"line":5,"column":24},"end":{"line":5,"column":31}},"loc":{"start":{"line":5,"column":47},"end":{"line":54,"column":1}},"line":5},"1":{"name":"(anonymous_1)","decl":{"start":{"line":27,"column":29},"end":{"line":27,"column":30}},"loc":{"start":{"line":28,"column":8},"end":{"line":32,"column":9}},"line":28},"2":{"name":"(anonymous_2)","decl":{"start":{"line":30,"column":10},"end":{"line":30,"column":11}},"loc":{"start":{"line":30,"column":26},"end":{"line":30,"column":72}},"line":30},"3":{"name":"(anonymous_3)","decl":{"start":{"line":34,"column":34},"end":{"line":34,"column":35}},"loc":{"start":{"line":34,"column":41},"end":{"line":41,"column":7}},"line":34}},"branchMap":{"0":{"loc":{"start":{"line":6,"column":2},"end":{"line":53,"column":3}},"type":"switch","locations":[{"start":{"line":7,"column":4},"end":{"line":8,"column":43}},{"start":{"line":9,"column":4},"end":{"line":15,"column":8}},{"start":{"line":16,"column":4},"end":{"line":48,"column":5}},{"start":{"line":49,"column":4},"end":{"line":52,"column":8}}],"line":6},"1":{"loc":{"start":{"line":19,"column":19},"end":{"line":19,"column":62}},"type":"binary-expr","locations":[{"start":{"line":19,"column":19},"end":{"line":19,"column":35}},{"start":{"line":19,"column":39},"end":{"line":19,"column":62}}],"line":19},"2":{"loc":{"start":{"line":30,"column":26},"end":{"line":30,"column":72}},"type":"cond-expr","locations":[{"start":{"line":30,"column":55},"end":{"line":30,"column":64}},{"start":{"line":30,"column":67},"end":{"line":30,"column":72}}],"line":30},"3":{"loc":{"start":{"line":35,"column":15},"end":{"line":40,"column":15}},"type":"cond-expr","locations":[{"start":{"line":36,"column":12},"end":{"line":39,"column":13}},{"start":{"line":40,"column":12},"end":{"line":40,"column":15}}],"line":35}},"s":{"0":2,"1":2,"2":2,"3":11,"4":1,"5":6,"6":3,"7":3,"8":3,"9":3,"10":6,"11":3,"12":6,"13":3,"14":1},"f":{"0":11,"1":3,"2":6,"3":6},"b":{"0":[1,6,3,1],"1":[3,2],"2":[3,3],"3":[3,3]},"_coverageSchema":"43e27e138ebf9cfc5966b082cf9a028302ed4184","hash":"ddf70741b2a6cba085021899a5c539489274144f"}
}
