TN:
SF:/Users/vyshnavidoulagar/lighthouse/Interview-Scheduler/scheduler/src/components/Application.js
FN:16,Application
FN:27,(anonymous_1)
FNF:2
FNH:2
FNDA:16,Application
FNDA:20,(anonymous_1)
DA:22,16
DA:24,16
DA:26,16
DA:28,20
DA:41,16
LF:5
LH:5
BRF:0
BRH:0
end_of_record
TN:
SF:/Users/vyshnavidoulagar/lighthouse/Interview-Scheduler/scheduler/src/components/Button.js
FN:7,Button
FNF:1
FNH:1
FNDA:43,Button
DA:8,43
DA:13,43
LF:2
LH:2
BRF:0
BRH:0
end_of_record
TN:
SF:/Users/vyshnavidoulagar/lighthouse/Interview-Scheduler/scheduler/src/components/DayList.js
FN:5,DayList
FN:6,(anonymous_1)
FNF:2
FNH:2
FNDA:16,DayList
FNDA:20,(anonymous_1)
DA:6,16
DA:7,20
DA:18,16
LF:3
LH:3
BRF:0
BRH:0
end_of_record
TN:
SF:/Users/vyshnavidoulagar/lighthouse/Interview-Scheduler/scheduler/src/components/DayListItem.js
FN:6,formatSpots
FN:13,DayListItem
FN:22,(anonymous_2)
FNF:3
FNH:3
FNDA:20,formatSpots
FNDA:20,DayListItem
FNDA:1,(anonymous_2)
DA:7,20
DA:8,19
DA:10,1
DA:14,20
DA:19,20
DA:22,1
LF:6
LH:6
BRDA:7,0,0,1
BRDA:7,0,1,19
BRDA:8,1,0,18
BRDA:8,1,1,1
BRF:4
BRH:4
end_of_record
TN:
SF:/Users/vyshnavidoulagar/lighthouse/Interview-Scheduler/scheduler/src/components/InterviewerList.js
FN:8,InterviewerList
FN:9,(anonymous_1)
FN:17,(anonymous_2)
FNF:3
FNH:3
FNDA:19,InterviewerList
FNDA:26,(anonymous_1)
FNDA:1,(anonymous_2)
DA:9,19
DA:10,26
DA:17,1
DA:22,19
DA:30,2
LF:5
LH:5
BRF:0
BRH:0
end_of_record
TN:
SF:/Users/vyshnavidoulagar/lighthouse/Interview-Scheduler/scheduler/src/components/InterviewerListItem.js
FN:6,InterviewerItem
FNF:1
FNH:1
FNDA:26,InterviewerItem
DA:7,26
DA:11,26
LF:2
LH:2
BRDA:18,0,0,26
BRDA:18,0,1,9
BRF:2
BRH:2
end_of_record
TN:
SF:/Users/vyshnavidoulagar/lighthouse/Interview-Scheduler/scheduler/src/components/Appointment/Confirm.js
FN:5,Confirm
FNF:1
FNH:1
FNDA:2,Confirm
DA:6,2
LF:1
LH:1
BRF:0
BRH:0
end_of_record
TN:
SF:/Users/vyshnavidoulagar/lighthouse/Interview-Scheduler/scheduler/src/components/Appointment/Empty.js
FN:3,Empty
FNF:1
FNH:1
FNDA:26,Empty
DA:4,26
LF:1
LH:1
BRF:0
BRH:0
end_of_record
TN:
SF:/Users/vyshnavidoulagar/lighthouse/Interview-Scheduler/scheduler/src/components/Appointment/Error.js
FN:3,Error
FNF:1
FNH:1
FNDA:2,Error
DA:4,2
LF:1
LH:1
BRF:0
BRH:0
end_of_record
TN:
SF:/Users/vyshnavidoulagar/lighthouse/Interview-Scheduler/scheduler/src/components/Appointment/Form.js
FN:6,Form
FN:11,reset
FN:17,cancel
FN:22,validate
FN:40,(anonymous_4)
FN:47,(anonymous_5)
FNF:6
FNH:5
FNDA:19,Form
FNDA:1,reset
FNDA:1,cancel
FNDA:7,validate
FNDA:0,(anonymous_4)
FNDA:5,(anonymous_5)
DA:7,19
DA:8,19
DA:9,19
DA:12,1
DA:13,1
DA:14,1
DA:18,1
DA:19,1
DA:23,7
DA:24,2
DA:25,2
DA:28,5
DA:29,1
DA:30,1
DA:33,4
DA:34,4
DA:37,19
DA:40,0
DA:48,5
LF:19
LH:18
BRDA:7,0,0,19
BRDA:7,0,1,10
BRDA:8,1,0,19
BRDA:8,1,1,11
BRDA:23,2,0,2
BRDA:23,2,1,5
BRDA:28,3,0,1
BRDA:28,3,1,4
BRF:8
BRH:8
end_of_record
TN:
SF:/Users/vyshnavidoulagar/lighthouse/Interview-Scheduler/scheduler/src/components/Appointment/Header.js
FN:3,Header
FNF:1
FNH:1
FNDA:51,Header
DA:4,51
LF:1
LH:1
BRF:0
BRH:0
end_of_record
TN:
SF:/Users/vyshnavidoulagar/lighthouse/Interview-Scheduler/scheduler/src/components/Appointment/Show.js
FN:3,Show
FNF:1
FNH:1
FNDA:10,Show
DA:4,10
LF:1
LH:1
BRDA:11,0,0,10
BRDA:11,0,1,10
BRF:2
BRH:2
end_of_record
TN:
SF:/Users/vyshnavidoulagar/lighthouse/Interview-Scheduler/scheduler/src/components/Appointment/Status.js
FN:3,Status
FNF:1
FNH:1
FNDA:8,Status
DA:4,8
LF:1
LH:1
BRF:0
BRH:0
end_of_record
TN:
SF:/Users/vyshnavidoulagar/lighthouse/Interview-Scheduler/scheduler/src/components/Appointment/index.js
FN:15,Appointment
FN:29,save
FN:39,(anonymous_2)
FN:40,(anonymous_3)
FN:43,destroy
FN:47,(anonymous_5)
FN:48,(anonymous_6)
FN:54,(anonymous_7)
FN:59,(anonymous_8)
FN:60,(anonymous_9)
FNF:10
FNH:10
FNDA:51,Appointment
FNDA:3,save
FNDA:2,(anonymous_2)
FNDA:1,(anonymous_3)
FNDA:2,destroy
FNDA:1,(anonymous_5)
FNDA:1,(anonymous_6)
FNDA:1,(anonymous_7)
FNDA:2,(anonymous_8)
FNDA:2,(anonymous_9)
DA:16,51
DA:17,51
DA:18,51
DA:19,51
DA:20,51
DA:21,51
DA:22,51
DA:23,51
DA:24,51
DA:25,51
DA:30,3
DA:35,3
DA:37,3
DA:39,2
DA:40,1
DA:44,2
DA:45,2
DA:47,1
DA:48,1
DA:51,51
DA:54,1
DA:59,2
DA:60,2
LF:23
LH:23
BRDA:26,0,0,22
BRDA:26,0,1,29
BRDA:54,1,0,51
BRDA:54,1,1,26
BRDA:55,2,0,51
BRDA:55,2,1,10
BRDA:63,3,0,51
BRDA:63,3,1,1
BRDA:64,4,0,51
BRDA:64,4,1,2
BRDA:73,5,0,51
BRDA:73,5,1,5
BRDA:74,6,0,51
BRDA:74,6,1,3
BRDA:75,7,0,51
BRDA:75,7,1,2
BRDA:82,8,0,51
BRDA:82,8,1,1
BRDA:85,9,0,51
BRDA:85,9,1,1
BRF:20
BRH:20
end_of_record
TN:
SF:/Users/vyshnavidoulagar/lighthouse/Interview-Scheduler/scheduler/src/helpers/selectors.js
FN:1,getAppointmentsForDay
FN:2,(anonymous_1)
FN:6,(anonymous_2)
FN:9,getInterviewersForDay
FN:10,(anonymous_4)
FN:14,(anonymous_5)
FN:17,getInterview
FNF:7
FNH:7
FNDA:21,getAppointmentsForDay
FNDA:17,(anonymous_1)
FNDA:28,(anonymous_2)
FNDA:21,getInterviewersForDay
FNDA:17,(anonymous_4)
FNDA:26,(anonymous_5)
FNDA:22,getInterview
DA:2,21
DA:4,21
DA:6,28
DA:10,21
DA:12,21
DA:14,26
DA:18,22
LF:7
LH:7
BRDA:4,0,0,8
BRDA:4,0,1,13
BRDA:4,1,0,21
BRDA:4,1,1,14
BRDA:12,2,0,8
BRDA:12,2,1,13
BRDA:12,3,0,21
BRDA:12,3,1,14
BRDA:19,4,0,22
BRDA:19,4,1,11
BRF:10
BRH:10
end_of_record
TN:
SF:/Users/vyshnavidoulagar/lighthouse/Interview-Scheduler/scheduler/src/hooks/useApplicationData.js
FN:13,useApplicationData
FN:21,(anonymous_1)
FN:23,(anonymous_2)
FN:29,(anonymous_3)
FN:41,bookInterview
FN:42,(anonymous_5)
FN:51,cancelInterview
FN:52,(anonymous_7)
FNF:8
FNH:8
FNDA:16,useApplicationData
FNDA:1,(anonymous_1)
FNDA:6,(anonymous_2)
FNDA:6,(anonymous_3)
FNDA:3,bookInterview
FNDA:2,(anonymous_5)
FNDA:2,cancelInterview
FNDA:1,(anonymous_7)
DA:14,16
DA:21,16
DA:23,16
DA:24,6
DA:30,6
DA:39,16
DA:42,3
DA:43,2
DA:52,2
DA:53,1
DA:61,16
LF:11
LH:11
BRF:0
BRH:0
end_of_record
TN:
SF:/Users/vyshnavidoulagar/lighthouse/Interview-Scheduler/scheduler/src/hooks/useRealtimeUpdate.js
FN:4,useRealtimeUpdate
FN:5,(anonymous_1)
FN:8,(anonymous_2)
FN:16,(anonymous_3)
FNF:4
FNH:3
FNDA:16,useRealtimeUpdate
FNDA:6,(anonymous_1)
FNDA:0,(anonymous_2)
FNDA:6,(anonymous_3)
DA:5,16
DA:6,6
DA:8,6
DA:9,0
DA:11,0
DA:12,0
DA:16,6
DA:17,6
LF:8
LH:5
BRDA:11,0,0,0
BRDA:11,0,1,0
BRDA:11,1,0,0
BRDA:11,1,1,0
BRF:4
BRH:0
end_of_record
TN:
SF:/Users/vyshnavidoulagar/lighthouse/Interview-Scheduler/scheduler/src/hooks/useVisualMode.js
FN:3,useVisualMode
FN:6,transition
FN:8,(anonymous_2)
FN:9,(anonymous_3)
FN:12,back
FN:13,(anonymous_5)
FNF:6
FNH:6
FNDA:63,useVisualMode
FNDA:20,transition
FNDA:5,(anonymous_2)
FNDA:15,(anonymous_3)
FNDA:3,back
FNDA:3,(anonymous_5)
DA:4,63
DA:7,20
DA:8,5
DA:9,15
DA:13,3
DA:16,63
LF:6
LH:6
BRDA:6,0,0,15
BRDA:7,1,0,5
BRDA:7,1,1,15
BRDA:13,2,0,3
BRDA:13,2,1,3
BRF:5
BRH:5
end_of_record
TN:
SF:/Users/vyshnavidoulagar/lighthouse/Interview-Scheduler/scheduler/src/reducers/application.js
FN:5,reducer
FN:27,(anonymous_1)
FN:30,(anonymous_2)
FN:34,(anonymous_3)
FNF:4
FNH:4
FNDA:11,reducer
FNDA:3,(anonymous_1)
FNDA:6,(anonymous_2)
FNDA:6,(anonymous_3)
DA:1,2
DA:2,2
DA:3,2
DA:6,11
DA:8,1
DA:10,6
DA:17,3
DA:22,3
DA:27,3
DA:28,3
DA:30,6
DA:34,3
DA:35,6
DA:43,3
DA:50,1
LF:15
LH:15
BRDA:6,0,0,1
BRDA:6,0,1,6
BRDA:6,0,2,3
BRDA:6,0,3,1
BRDA:19,1,0,3
BRDA:19,1,1,2
BRDA:30,2,0,3
BRDA:30,2,1,3
BRDA:35,3,0,3
BRDA:35,3,1,3
BRF:10
BRH:10
end_of_record
